#
# A fatal error has been detected by the Java Runtime Environment:
#
#  SIGSEGV (0xb) at pc=0x00007feb03edfdf6, pid=18804, tid=0x00007feae6af2700
#
# JRE version: OpenJDK Runtime Environment (8.0_181-b13) (build 1.8.0_181-8u181-b13-0ubuntu0.18.04.1-b13)
# Java VM: OpenJDK 64-Bit Server VM (25.181-b13 mixed mode linux-amd64 compressed oops)
# Problematic frame:
# V  [libjvm.so+0x9bcdf6]
#
# Failed to write core dump. Core dumps have been disabled. To enable core dumping, try "ulimit -c unlimited" before starting Java again
#
# If you would like to submit a bug report, please visit:
#   http://bugreport.java.com/bugreport/crash.jsp
#

---------------  T H R E A D  ---------------

Current thread (0x00007feafc148800):  VMThread [stack: 0x00007feae69f3000,0x00007feae6af3000] [id=18813]

siginfo: si_signo: 11 (SIGSEGV), si_code: 1 (SEGV_MAPERR), si_addr: 0x0000000000000008

Registers:
RAX=0x0000000000000000, RBX=0x00007feae6af0a80, RCX=0x0000000000000000, RDX=0x0000000000000000
RSP=0x00007feae6af0910, RBP=0x00007feae6af0a30, RSI=0x0000000000000028, RDI=0x00007feae6af0a80
R8 =0x000000000000002c, R9 =0x0000000000000000, R10=0x00007feb0514f6b7, R11=0x0000000000000003
R12=0x00007feae6af0ab0, R13=0x00007feae6af0a80, R14=0x0000000000000001, R15=0x000000000000002c
RIP=0x00007feb03edfdf6, EFLAGS=0x0000000000010246, CSGSFS=0x002b000000000033, ERR=0x0000000000000004
  TRAPNO=0x000000000000000e

Top of Stack: (sp=0x00007feae6af0910)
0x00007feae6af0910:   0000000000000000 0000000000000000
0x00007feae6af0920:   00007feae6af0940 2317e96ac3f06800
0x00007feae6af0930:   0000000000000000 00007feae6af0990
0x00007feae6af0940:   00007feae6af0970 00007feb03edff37
0x00007feae6af0950:   00007feae6af10c0 00007feae6af10c0
0x00007feae6af0960:   00007feae6af09c0 00007feae6af0990
0x00007feae6af0970:   00007feae6af0e10 00007feb03af97b5
0x00007feae6af0980:   0000000000000000 0000000000000000
0x00007feae6af0990:   00007feb043c3248 00007feb05178650
0x00007feae6af09a0:   0000000000000015 000000000000000e
0x00007feae6af09b0:   00007feae6af09d0 0000000000000003
0x00007feae6af09c0:   0000000000000000 0000000000000000
0x00007feae6af09d0:   2fffffff4fffffff 000000004fffffff
0x00007feae6af09e0:   0000000000000000 0000000000000000
0x00007feae6af09f0:   0000000000000000 0000000000000000
0x00007feae6af0a00:   0000000000000000 0000000000000000
0x00007feae6af0a10:   00007feae6af0a30 2317e96ac3f06800
0x00007feae6af0a20:   0000000000000000 0000000000000001
0x00007feae6af0a30:   00007feae6af0a60 00007feb03ee0254
0x00007feae6af0a40:   00007feae6af11b0 00007feae6af0ab0
0x00007feae6af0a50:   00007feae6af0a80 0000000000000001
0x00007feae6af0a60:   00007feae6af0f00 00007feb03af9751
0x00007feae6af0a70:   0000000000000000 0000000000000000
0x00007feae6af0a80:   00007feb043c3248 0000000000000000
0x00007feae6af0a90:   0000000000000000 000000000000000c
0x00007feae6af0aa0:   00007feae6af0ab0 2317e96a00000000
0x00007feae6af0ab0:   0000000046000023 00007feae6af0b10
0x00007feae6af0ac0:   4fffffff4fffffff 00007feb4fffffff
0x00007feae6af0ad0:   00007feae6af1240 00007feae6af1240
0x00007feae6af0ae0:   00007feae6af0b40 00007feae6af0b10
0x00007feae6af0af0:   00007feae6af0f90 00007feb03af97b5
0x00007feae6af0b00:   00007feae6af0b20 2317e96ac3f06800 

Instructions: (pc=0x00007feb03edfdf6)
0x00007feb03edfdd6:   89 fb 48 81 ec 18 01 00 00 48 63 57 10 48 8b 4f
0x00007feb03edfde6:   08 64 48 8b 04 25 28 00 00 00 48 89 45 e8 31 c0
0x00007feb03edfdf6:   40 3a 74 11 08 48 89 d0 74 39 40 0f be d6 48 8d
0x00007feb03edfe06:   bd e0 fe ff ff 48 8d 35 de 4a 17 00 31 c0 e8 87 

Register to memory mapping:

RAX=0x0000000000000000 is an unknown value
RBX=0x00007feae6af0a80 is an unknown value
RCX=0x0000000000000000 is an unknown value
RDX=0x0000000000000000 is an unknown value
RSP=0x00007feae6af0910 is an unknown value
RBP=0x00007feae6af0a30 is an unknown value
RSI=0x0000000000000028 is an unknown value
RDI=0x00007feae6af0a80 is an unknown value
R8 =0x000000000000002c is an unknown value
R9 =0x0000000000000000 is an unknown value
R10=0x00007feb0514f6b7 is an unknown value
R11=0x0000000000000003 is an unknown value
R12=0x00007feae6af0ab0 is an unknown value
R13=0x00007feae6af0a80 is an unknown value
R14=0x0000000000000001 is an unknown value
R15=0x000000000000002c is an unknown value


Stack: [0x00007feae69f3000,0x00007feae6af3000],  sp=0x00007feae6af0910,  free space=1014k
Native frames: (J=compiled Java code, j=interpreted, Vv=VM code, C=native code)
V  [libjvm.so+0x9bcdf6]
V  [libjvm.so+0x9bd254]
V  [libjvm.so+0x5d6751]
V  [libjvm.so+0x5d7ea3]
V  [libjvm.so+0x5dc0cd]
V  [libjvm.so+0x5dc4cb]
V  [libjvm.so+0x8db44f]
V  [libjvm.so+0x8dd1a8]
V  [libjvm.so+0x8de167]
V  [libjvm.so+0x8dea26]
V  [libjvm.so+0x6384b2]
V  [libjvm.so+0x870c50]
V  [libjvm.so+0x7583c9]
V  [libjvm.so+0xab52d6]
V  [libjvm.so+0xab3575]
V  [libjvm.so+0xab3eed]
V  [libjvm.so+0xab42c7]
V  [libjvm.so+0x8e70a2]

VM_Operation (0x00007feae64e8930): GetOrSetLocal, mode: safepoint, requested by thread 0x00007feafc194000


---------------  P R O C E S S  ---------------

Java Threads: ( => current thread )
  0x00007feafc4aa800 JavaThread "Service Thread" daemon [_thread_blocked, id=18831, stack(0x00007feae5d26000,0x00007feae5e27000)]
  0x00007feafc4a5000 JavaThread "C1 CompilerThread2" daemon [_thread_blocked, id=18830, stack(0x00007feae5e28000,0x00007feae5f28000)]
  0x00007feafc4a3000 JavaThread "C2 CompilerThread1" daemon [_thread_blocked, id=18829, stack(0x00007feae5f29000,0x00007feae6029000)]
  0x00007feafc49c800 JavaThread "C2 CompilerThread0" daemon [_thread_blocked, id=18828, stack(0x00007feae602a000,0x00007feae612a000)]
  0x00007feac0001000 JavaThread "JDWP Command Reader" daemon [_thread_in_native, id=18827, stack(0x00007feae61e7000,0x00007feae62e8000)]
  0x00007feafc197800 JavaThread "JDWP Event Helper Thread" daemon [_thread_blocked, id=18826, stack(0x00007feae62e8000,0x00007feae63e9000)]
  0x00007feafc194000 JavaThread "JDWP Transport Listener: dt_socket" daemon [_thread_blocked, id=18823, stack(0x00007feae63e9000,0x00007feae64ea000)]
  0x00007feafc186000 JavaThread "Signal Dispatcher" daemon [_thread_blocked, id=18822, stack(0x00007feae66ef000,0x00007feae67f0000)]
  0x00007feafc154800 JavaThread "Finalizer" daemon [_thread_blocked, id=18821, stack(0x00007feae67f0000,0x00007feae68f1000)]
  0x00007feafc150000 JavaThread "Reference Handler" daemon [_thread_blocked, id=18819, stack(0x00007feae68f1000,0x00007feae69f2000)]
  0x00007feafc013800 JavaThread "main" [_thread_blocked, id=18807, stack(0x00007feb051f2000,0x00007feb052f2000)]

Other Threads:
=>0x00007feafc148800 VMThread [stack: 0x00007feae69f3000,0x00007feae6af3000] [id=18813]
  0x00007feafc4ad000 WatcherThread [stack: 0x00007feae5c26000,0x00007feae5d26000] [id=18832]

VM state:at safepoint (normal execution)

VM Mutex/Monitor currently owned by a thread:  ([mutex/lock_event])
[0x00007feafc00db80] Threads_lock - owner thread: 0x00007feafc148800

Heap:
 PSYoungGen      total 74752K, used 16791K [0x000000076d000000, 0x0000000772300000, 0x00000007c0000000)
  eden space 64512K, 26% used [0x000000076d000000,0x000000076e065f88,0x0000000770f00000)
  from space 10240K, 0% used [0x0000000771900000,0x0000000771900000,0x0000000772300000)
  to   space 10240K, 0% used [0x0000000770f00000,0x0000000770f00000,0x0000000771900000)
 ParOldGen       total 171008K, used 0K [0x00000006c7000000, 0x00000006d1700000, 0x000000076d000000)
  object space 171008K, 0% used [0x00000006c7000000,0x00000006c7000000,0x00000006d1700000)
 Metaspace       used 6082K, capacity 6270K, committed 6400K, reserved 1056768K
  class space    used 671K, capacity 749K, committed 768K, reserved 1048576K

Card table byte_map: [0x00007feb0069d000,0x00007feb00e66000] byte_map_base: 0x00007feafd065000

Marking Bits: (ParMarkBitMap*) 0x00007feb044871c0
 Begin Bits: [0x00007fead0380000, 0x00007fead41c0000)
 End Bits:   [0x00007fead41c0000, 0x00007fead8000000)

Polling page: 0x00007feb05308000

CodeCache: size=245760Kb used=2089Kb max_used=2089Kb free=243671Kb
 bounds [0x00007feaed000000, 0x00007feaed270000, 0x00007feafc000000]
 total_blobs=713 nmethods=430 adapters=206
 compilation: enabled

Compilation events (10 events):
Event: 0.522 Thread 0x00007feafc4a5000  426       3       java.lang.invoke.MethodType::toMethodDescriptorString (21 bytes)
Event: 0.522 Thread 0x00007feafc4a5000 nmethod 426 0x00007feaed207fd0 code [0x00007feaed2081e0, 0x00007feaed208cf8]
Event: 0.522 Thread 0x00007feafc4a5000  427       3       java.lang.reflect.Modifier::isPublic (12 bytes)
Event: 0.523 Thread 0x00007feafc4a5000 nmethod 427 0x00007feaed206d10 code [0x00007feaed206e80, 0x00007feaed207010]
Event: 0.523 Thread 0x00007feafc4a5000  428       3       java.util.ArrayList::<init> (12 bytes)
Event: 0.523 Thread 0x00007feafc4a5000 nmethod 428 0x00007feaed2067d0 code [0x00007feaed206940, 0x00007feaed206bd0]
Event: 0.523 Thread 0x00007feafc4a5000  429       3       java.util.HashMap::containsKey (18 bytes)
Event: 0.523 Thread 0x00007feafc4a5000 nmethod 429 0x00007feaed206110 code [0x00007feaed2062a0, 0x00007feaed206698]
Event: 0.523 Thread 0x00007feafc4a5000  430       1       java.util.HashMap::size (5 bytes)
Event: 0.523 Thread 0x00007feafc4a5000 nmethod 430 0x00007feaed205e50 code [0x00007feaed205fa0, 0x00007feaed2060b0]

GC Heap History (0 events):
No events

Deoptimization events (0 events):
No events

Classes redefined (3 events):
Event: 53.569 Thread 0x00007feafc148800 redefined class name=io.pivotal.pal.tracker.InMemoryTimeEntryRepository, count=1
Event: 127.173 Thread 0x00007feafc148800 redefined class name=io.pivotal.pal.tracker.InMemoryTimeEntryRepository, count=2
Event: 251.380 Thread 0x00007feafc148800 redefined class name=io.pivotal.pal.tracker.InMemoryTimeEntryRepository, count=3

Internal exceptions (10 events):
Event: 0.127 Thread 0x00007feafc013800 Exception <a 'java/security/PrivilegedActionException'> (0x000000076d0a0638) thrown at [/build/openjdk-8-8iINie/openjdk-8-8u181-b13/src/hotspot/src/share/vm/prims/jvm.cpp, line 1435]
Event: 0.305 Thread 0x00007feafc013800 Exception <a 'java/io/FileNotFoundException'> (0x000000076d4e0a08) thrown at [/build/openjdk-8-8iINie/openjdk-8-8u181-b13/src/hotspot/src/share/vm/prims/jni.cpp, line 709]
Event: 0.318 Thread 0x00007feafc013800 Exception <a 'java/security/PrivilegedActionException'> (0x000000076d68c560) thrown at [/build/openjdk-8-8iINie/openjdk-8-8u181-b13/src/hotspot/src/share/vm/prims/jvm.cpp, line 1435]
Event: 0.318 Thread 0x00007feafc013800 Exception <a 'java/security/PrivilegedActionException'> (0x000000076d68c770) thrown at [/build/openjdk-8-8iINie/openjdk-8-8u181-b13/src/hotspot/src/share/vm/prims/jvm.cpp, line 1435]
Event: 0.318 Thread 0x00007feafc013800 Exception <a 'java/security/PrivilegedActionException'> (0x000000076d68e7f8) thrown at [/build/openjdk-8-8iINie/openjdk-8-8u181-b13/src/hotspot/src/share/vm/prims/jvm.cpp, line 1435]
Event: 0.318 Thread 0x00007feafc013800 Exception <a 'java/security/PrivilegedActionException'> (0x000000076d68ea08) thrown at [/build/openjdk-8-8iINie/openjdk-8-8u181-b13/src/hotspot/src/share/vm/prims/jvm.cpp, line 1435]
Event: 0.318 Thread 0x00007feafc013800 Exception <a 'java/security/PrivilegedActionException'> (0x000000076d68f4e0) thrown at [/build/openjdk-8-8iINie/openjdk-8-8u181-b13/src/hotspot/src/share/vm/prims/jvm.cpp, line 1435]
Event: 0.318 Thread 0x00007feafc013800 Exception <a 'java/security/PrivilegedActionException'> (0x000000076d68f6f0) thrown at [/build/openjdk-8-8iINie/openjdk-8-8u181-b13/src/hotspot/src/share/vm/prims/jvm.cpp, line 1435]
Event: 0.489 Thread 0x00007feafc013800 Exception <a 'java/lang/NoSuchFieldError': method resolution failed> (0x000000076de3a3b0) thrown at [/build/openjdk-8-8iINie/openjdk-8-8u181-b13/src/hotspot/src/share/vm/prims/methodHandles.cpp, line 1167]
Event: 0.491 Thread 0x00007feafc013800 Exception <a 'java/lang/NoSuchFieldError': method resolution failed> (0x000000076de48be0) thrown at [/build/openjdk-8-8iINie/openjdk-8-8u181-b13/src/hotspot/src/share/vm/prims/methodHandles.cpp, line 1167]

Events (10 events):
Event: 127.400 Executing VM operation: GetOrSetLocal done
Event: 127.401 Executing VM operation: GetOrSetLocal
Event: 127.401 Executing VM operation: GetOrSetLocal done
Event: 149.204 Executing VM operation: ChangeBreakpoints
Event: 149.204 Executing VM operation: ChangeBreakpoints done
Event: 251.375 Thread 0x00007feafc194000 DEOPT PACKING pc=0x00007feaed1c06ac sp=0x00007feae64e7640
Event: 251.375 Thread 0x00007feafc194000 DEOPT UNPACKING pc=0x00007feaed0474c4 sp=0x00007feae64e7398 mode 1
Event: 251.376 Executing VM operation: RedefineClasses
Event: 251.380 Executing VM operation: RedefineClasses done
Event: 251.381 Executing VM operation: GetOrSetLocal


Dynamic libraries:
6c7000000-6d1700000 rw-p 00000000 00:00 0 
6d1700000-76d000000 ---p 00000000 00:00 0 
76d000000-772300000 rw-p 00000000 00:00 0 
772300000-7c0000000 ---p 00000000 00:00 0 
7c0000000-7c00c0000 rw-p 00000000 00:00 0 
7c00c0000-800000000 ---p 00000000 00:00 0 
5653c0785000-5653c0786000 r-xp 00000000 08:01 1705411                    /usr/lib/jvm/java-8-openjdk-amd64/jre/bin/java
5653c0985000-5653c0986000 r--p 00000000 08:01 1705411                    /usr/lib/jvm/java-8-openjdk-amd64/jre/bin/java
5653c0986000-5653c0987000 rw-p 00001000 08:01 1705411                    /usr/lib/jvm/java-8-openjdk-amd64/jre/bin/java
5653c2792000-5653c27b3000 rw-p 00000000 00:00 0                          [heap]
7fea9c000000-7fea9c021000 rw-p 00000000 00:00 0 
7fea9c021000-7feaa0000000 ---p 00000000 00:00 0 
7feaa4000000-7feaa4380000 rw-p 00000000 00:00 0 
7feaa4380000-7feaa8000000 ---p 00000000 00:00 0 
7feaa8000000-7feaa8021000 rw-p 00000000 00:00 0 
7feaa8021000-7feaac000000 ---p 00000000 00:00 0 
7feaac000000-7feaac1cf000 rw-p 00000000 00:00 0 
7feaac1cf000-7feab0000000 ---p 00000000 00:00 0 
7feab0000000-7feab0180000 rw-p 00000000 00:00 0 
7feab0180000-7feab4000000 ---p 00000000 00:00 0 
7feab4000000-7feab4021000 rw-p 00000000 00:00 0 
7feab4021000-7feab8000000 ---p 00000000 00:00 0 
7feab8000000-7feab8021000 rw-p 00000000 00:00 0 
7feab8021000-7feabc000000 ---p 00000000 00:00 0 
7feabc000000-7feabc021000 rw-p 00000000 00:00 0 
7feabc021000-7feac0000000 ---p 00000000 00:00 0 
7feac0000000-7feac0021000 rw-p 00000000 00:00 0 
7feac0021000-7feac4000000 ---p 00000000 00:00 0 
7feac4000000-7feac4021000 rw-p 00000000 00:00 0 
7feac4021000-7feac8000000 ---p 00000000 00:00 0 
7feac8000000-7feac8021000 rw-p 00000000 00:00 0 
7feac8021000-7feacc000000 ---p 00000000 00:00 0 
7feacc000000-7feacc021000 rw-p 00000000 00:00 0 
7feacc021000-7fead0000000 ---p 00000000 00:00 0 
7fead0380000-7fead8000000 rw-p 00000000 00:00 0 
7fead8000000-7fead8021000 rw-p 00000000 00:00 0 
7fead8021000-7feadc000000 ---p 00000000 00:00 0 
7feadc000000-7feadc021000 rw-p 00000000 00:00 0 
7feadc021000-7feae0000000 ---p 00000000 00:00 0 
7feae0000000-7feae0021000 rw-p 00000000 00:00 0 
7feae0021000-7feae4000000 ---p 00000000 00:00 0 
7feae5c25000-7feae5c26000 ---p 00000000 00:00 0 
7feae5c26000-7feae5d26000 rw-p 00000000 00:00 0 
7feae5d26000-7feae5d29000 ---p 00000000 00:00 0 
7feae5d29000-7feae5e27000 rw-p 00000000 00:00 0 
7feae5e27000-7feae5e28000 ---p 00000000 00:00 0 
7feae5e28000-7feae5e2b000 ---p 00000000 00:00 0 
7feae5e2b000-7feae5f28000 rw-p 00000000 00:00 0 
7feae5f28000-7feae5f29000 ---p 00000000 00:00 0 
7feae5f29000-7feae5f2c000 ---p 00000000 00:00 0 
7feae5f2c000-7feae6029000 rw-p 00000000 00:00 0 
7feae6029000-7feae602a000 ---p 00000000 00:00 0 
7feae602a000-7feae602d000 ---p 00000000 00:00 0 
7feae602d000-7feae612a000 rw-p 00000000 00:00 0 
7feae612a000-7feae6131000 r--s 00064000 08:01 11670473                   /home/pal_user/dev/idea/lib/rt/debugger-agent.jar
7feae6131000-7feae6133000 r--s 0000a000 08:01 11670539                   /home/pal_user/dev/idea/plugins/Groovy/lib/agent/gragent.jar
7feae6133000-7feae6134000 r--s 0000c000 08:01 9175165                    /home/pal_user/.gradle/caches/modules-2/files-2.1/org.ow2.asm/asm/5.0.3/dcc2193db20e19e1feca8b1240dbbc4e190824fa/asm-5.0.3.jar
7feae6134000-7feae613f000 r--s 0006a000 08:01 9175269                    /home/pal_user/.gradle/caches/modules-2/files-2.1/ch.qos.logback/logback-core/1.1.11/88b8df40340eed549fb07e2613879bf6b006704d/logback-core-1.1.11.jar
7feae613f000-7feae6141000 r--s 00012000 08:01 9175164                    /home/pal_user/.gradle/caches/modules-2/files-2.1/net.minidev/accessors-smart/1.1/a527213f2fea112a04c9bdf0ec0264e34104cd08/accessors-smart-1.1.jar
7feae6141000-7feae6142000 r--s 00004000 08:01 9175359                    /home/pal_user/.gradle/caches/modules-2/files-2.1/com.vaadin.external.google/android-json/0.0.20131108.vaadin1/fa26d351fe62a6a17f5cda1287c1c6110dec413f/android-json-0.0.20131108.vaadin1.jar
7feae6142000-7feae6144000 r--s 00009000 08:01 9175358                    /home/pal_user/.gradle/caches/modules-2/files-2.1/org.objenesis/objenesis/2.1/87c0ea803b69252868d09308b4618f766f135a96/objenesis-2.1.jar
7feae6144000-7feae6146000 r--s 00009000 08:01 9175270                    /home/pal_user/.gradle/caches/modules-2/files-2.1/org.slf4j/slf4j-api/1.7.25/da76ca59f6a57ee3102f8f9bd9cee742973efa8a/slf4j-api-1.7.25.jar
7feae6146000-7feae6148000 r--s 00004000 08:01 9175268                    /home/pal_user/.gradle/caches/modules-2/files-2.1/org.slf4j/log4j-over-slf4j/1.7.25/a87bb47468f47ee7aabbd54f93e133d4215769c3/log4j-over-slf4j-1.7.25.jar
7feae6148000-7feae614a000 r--s 00000000 08:01 9175267                    /home/pal_user/.gradle/caches/modules-2/files-2.1/org.slf4j/jul-to-slf4j/1.7.25/af5364cd6679bfffb114f0dec8a157aaa283b76/jul-to-slf4j-1.7.25.jar
7feae614a000-7feae614c000 r--s 00003000 08:01 9175266                    /home/pal_user/.gradle/caches/modules-2/files-2.1/org.slf4j/jcl-over-slf4j/1.7.25/f8c32b13ff142a513eeb5b6330b1588dcb2c0461/jcl-over-slf4j-1.7.25.jar
7feae614c000-7feae6153000 r--s 00045000 08:01 9175264                    /home/pal_user/.gradle/caches/modules-2/files-2.1/ch.qos.logback/logback-classic/1.1.11/ccedfbacef4a6515d2983e3f89ed753d5d4fb665/logback-classic-1.1.11.jar
7feae6153000-7feae6156000 r--s 0001b000 08:01 9175163                    /home/pal_user/.gradle/caches/modules-2/files-2.1/net.minidev/json-smart/2.2.1/5b9e5df7a62d1279b70dc882b041d249c4f0b002/json-smart-2.2.1.jar
7feae6156000-7feae6159000 r--s 00042000 08:01 9175265                    /home/pal_user/.gradle/caches/modules-2/files-2.1/com.fasterxml.jackson.core/jackson-core/2.8.8/d478fb6de45a7c3d2cad07c8ad70c7f0a797a020/jackson-core-2.8.8.jar
7feae6159000-7feae615c000 r--s 0000b000 08:01 9175161                    /home/pal_user/.gradle/caches/modules-2/files-2.1/com.fasterxml.jackson.core/jackson-annotations/2.8.0/45b426f7796b741035581a176744d91090e2e6fb/jackson-annotations-2.8.0.jar
7feae615c000-7feae615e000 r--s 0000e000 08:01 9175263                    /home/pal_user/.gradle/caches/modules-2/files-2.1/com.fasterxml/classmate/1.3.3/864c8e370a691e343210cc7c532fc198cee460d8/classmate-1.3.3.jar
7feae615e000-7feae6161000 r--s 0000e000 08:01 9175262                    /home/pal_user/.gradle/caches/modules-2/files-2.1/org.jboss.logging/jboss-logging/3.3.1.Final/c46217ab74b532568c0ed31dc599db3048bd1b67/jboss-logging-3.3.1.Final.jar
7feae6161000-7feae6165000 r--s 0000c000 08:01 9175260                    /home/pal_user/.gradle/caches/modules-2/files-2.1/javax.validation/validation-api/1.1.0.Final/8613ae82954779d518631e05daa73a6a954817d5/validation-api-1.1.0.Final.jar
7feae6165000-7feae616a000 r--s 00036000 08:01 9175261                    /home/pal_user/.gradle/caches/modules-2/files-2.1/org.apache.tomcat.embed/tomcat-embed-el/8.5.15/e4000e5386056eeebb43bf71e7d30c58d2473166/tomcat-embed-el-8.5.15.jar
7feae616a000-7feae6194000 r--s 002c0000 08:01 9175259                    /home/pal_user/.gradle/caches/modules-2/files-2.1/org.apache.tomcat.embed/tomcat-embed-core/8.5.15/f197a93ae66212767b004fd93d7a1a8ea62bc3fa/tomcat-embed-core-8.5.15.jar
7feae6194000-7feae619a000 r--s 00036000 08:01 9175258                    /home/pal_user/.gradle/caches/modules-2/files-2.1/org.apache.tomcat.embed/tomcat-embed-websocket/8.5.15/a92b066b0ea9ee1cb05b7d5e4bfed4ad8898f741/tomcat-embed-websocket-8.5.15.jar
7feae619a000-7feae61a0000 r--s 0003d000 08:01 9175257                    /home/pal_user/.gradle/caches/modules-2/files-2.1/org.yaml/snakeyaml/1.17/7a27ea250c5130b2922b86dea63cbb1cc10a660c/snakeyaml-1.17.jar
7feae61a0000-7feae61a1000 r--s 00000000 08:01 9175252                    /home/pal_user/.gradle/caches/modules-2/files-2.1/org.springframework.boot/spring-boot-starter-logging/1.5.4.RELEASE/6b4364cfee82890ce9a9c2c59066f3a6e525debd/spring-boot-starter-logging-1.5.4.RELEASE.jar
7feae61a1000-7feae61b7000 r--s 000fc000 08:01 9175204                    /home/pal_user/.gradle/caches/modules-2/files-2.1/org.springframework/spring-core/4.3.9.RELEASE/430b7298bfb85d66fb61e19ca8f06231b911e9f5/spring-core-4.3.9.RELEASE.jar
7feae61b7000-7feae61c5000 r--s 000ad000 08:01 9175255                    /home/pal_user/.gradle/caches/modules-2/files-2.1/org.springframework/spring-beans/4.3.9.RELEASE/daa5abf3779c8cad1a2910e1ea08e4272489d8ae/spring-beans-4.3.9.RELEASE.jar
7feae61c5000-7feae61ce000 r--s 00054000 08:01 9175254                    /home/pal_user/.gradle/caches/modules-2/files-2.1/org.springframework/spring-aop/4.3.9.RELEASE/95f5f5cf3cae64266a89dc1bc9e0484425cd8358/spring-aop-4.3.9.RELEASE.jar
7feae61ce000-7feae61e7000 r--s 000fe000 08:01 9175253                    /home/pal_user/.gradle/caches/modules-2/files-2.1/org.springframework/spring-context/4.3.9.RELEASE/a186823724f03b98becd5f93b1fa107fe6f7a7ff/spring-context-4.3.9.RELEASE.jar
7feae61e7000-7feae61ea000 ---p 00000000 00:00 0 
7feae61ea000-7feae62e8000 rw-p 00000000 00:00 0 
7feae62e8000-7feae62eb000 ---p 00000000 00:00 0 
7feae62eb000-7feae63e9000 rw-p 00000000 00:00 0 
7feae63e9000-7feae63ec000 ---p 00000000 00:00 0 
7feae63ec000-7feae64ea000 rw-p 00000000 00:00 0 
7feae64ea000-7feae64ee000 r-xp 00000000 08:01 1838658                    /usr/lib/jvm/java-8-openjdk-amd64/jre/lib/amd64/libdt_socket.so
7feae64ee000-7feae66ed000 ---p 00004000 08:01 1838658                    /usr/lib/jvm/java-8-openjdk-amd64/jre/lib/amd64/libdt_socket.so
7feae66ed000-7feae66ee000 r--p 00003000 08:01 1838658                    /usr/lib/jvm/java-8-openjdk-amd64/jre/lib/amd64/libdt_socket.so
7feae66ee000-7feae66ef000 rw-p 00004000 08:01 1838658                    /usr/lib/jvm/java-8-openjdk-amd64/jre/lib/amd64/libdt_socket.so
7feae66ef000-7feae66f2000 ---p 00000000 00:00 0 
7feae66f2000-7feae67f0000 rw-p 00000000 00:00 0 
7feae67f0000-7feae67f3000 ---p 00000000 00:00 0 
7feae67f3000-7feae68f1000 rw-p 00000000 00:00 0 
7feae68f1000-7feae68f4000 ---p 00000000 00:00 0 
7feae68f4000-7feae69f2000 rw-p 00000000 00:00 0 
7feae69f2000-7feae69f3000 ---p 00000000 00:00 0 
7feae69f3000-7feae7d80000 rw-p 00000000 00:00 0 
7feae7d80000-7feae8000000 ---p 00000000 00:00 0 
7feae8000000-7feae8021000 rw-p 00000000 00:00 0 
7feae8021000-7feaec000000 ---p 00000000 00:00 0 
7feaec000000-7feaec005000 r--s 0003c000 08:01 9175256                    /home/pal_user/.gradle/caches/modules-2/files-2.1/org.springframework/spring-expression/4.3.9.RELEASE/4edca6913da9e62a6586714e053e01a61952a153/spring-expression-4.3.9.RELEASE.jar
7feaec005000-7feaec015000 r--s 00095000 08:01 9175251                    /home/pal_user/.gradle/caches/modules-2/files-2.1/org.springframework.boot/spring-boot/1.5.4.RELEASE/cf51bb0751c1362a417eb59824d27d2907780d2/spring-boot-1.5.4.RELEASE.jar
7feaec015000-7feaec035000 r--s 000e5000 08:01 9175248                    /home/pal_user/.gradle/caches/modules-2/files-2.1/org.springframework.boot/spring-boot-autoconfigure/1.5.4.RELEASE/5591fa7358d950f374532c7d92dccf113ebfa1bb/spring-boot-autoconfigure-1.5.4.RELEASE.jar
7feaec035000-7feaec043000 r--s 00085000 08:01 9175357                    /home/pal_user/.gradle/caches/modules-2/files-2.1/org.springframework/spring-test/4.3.9.RELEASE/35bf4c38c9245f5baeeda4bea7c41f4f33c5daf3/spring-test-4.3.9.RELEASE.jar
7feaec043000-7feaec045000 r--s 00006000 08:01 9175356                    /home/pal_user/.gradle/caches/modules-2/files-2.1/org.skyscreamer/jsonassert/1.4.0/9cdbb373a06f6513e51e8c545ee6a5e981463edb/jsonassert-1.4.0.jar
7feaec045000-7feaec047000 r--s 00009000 08:01 9175104                    /home/pal_user/.gradle/caches/modules-2/files-2.1/org.hamcrest/hamcrest-core/1.3/42a25dc3219429f0e5d060061f71acb49bf010a0/hamcrest-core-1.3.jar
7feaec047000-7feaec048000 r--s 0000c000 08:01 9175355                    /home/pal_user/.gradle/caches/modules-2/files-2.1/org.hamcrest/hamcrest-library/1.3/4785a3c21320980282f9f33d0d1264a69040538f/hamcrest-library-1.3.jar
7feaec048000-7feaec064000 r--s 00103000 08:01 9175354                    /home/pal_user/.gradle/caches/modules-2/files-2.1/org.mockito/mockito-core/1.10.19/e8546f5bef4e061d8dd73895b4e8f40e3fe6effe/mockito-core-1.10.19.jar
7feaec064000-7feaec078000 r--s 000dc000 08:01 9175353                    /home/pal_user/.gradle/caches/modules-2/files-2.1/org.assertj/assertj-core/2.6.0/b532c3fc4f66bcfee4989a3514f1cd56203a33ad/assertj-core-2.6.0.jar
7feaec078000-7feaec080000 r--s 00045000 08:01 9175103                    /home/pal_user/.gradle/caches/modules-2/files-2.1/junit/junit/4.12/2973d150c0dc1fefe998f834810d68f278ea58ec/junit-4.12.jar
7feaec080000-7feaec085000 r--s 0002e000 08:01 9175153                    /home/pal_user/.gradle/caches/modules-2/files-2.1/com.jayway.jsonpath/json-path/2.2.0/22290d17944bd239fabf5ac69005a60a7ecbbbcb/json-path-2.2.0.jar
7feaec085000-7feaec089000 r--s 00020000 08:01 9175350                    /home/pal_user/.gradle/caches/modules-2/files-2.1/org.springframework.boot/spring-boot-test/1.5.4.RELEASE/a7a68089a6cf35db5587029e5c163466dadf7c5b/spring-boot-test-1.5.4.RELEASE.jar
7feaec089000-7feaec08e000 r--s 00019000 08:01 9175351                    /home/pal_user/.gradle/caches/modules-2/files-2.1/org.springframework.boot/spring-boot-test-autoconfigure/1.5.4.RELEASE/5c751eb6cfa58c86ba4ffc4c3334faf4331d5385/spring-boot-test-autoconfigure-1.5.4.RELEASE.jar
7feaec08e000-7feaec0a0000 r--s 000b7000 08:01 9175250                    /home/pal_user/.gradle/caches/modules-2/files-2.1/org.springframework/spring-web/4.3.9.RELEASE/91dae64c4280093ad5fb4736a10913c9233479c1/spring-web-4.3.9.RELEASE.jar
7feaec0a0000-7feaec0b1000 r--s 000cf000 08:01 9175249                    /home/pal_user/.gradle/caches/modules-2/files-2.1/org.springframework/spring-webmvc/4.3.9.RELEASE/ca80b4a00abc388d8046bf372099f35564371c47/spring-webmvc-4.3.9.RELEASE.jar
7feaec0b1000-7feaec0c3000 r--s 0011d000 08:01 9175271                    /home/pal_user/.gradle/caches/modules-2/files-2.1/com.fasterxml.jackson.core/jackson-databind/2.8.8/bf88c7b27e95cbadce4e7c316a56c3efffda8026/jackson-databind-2.8.8.jar
7feaec0c3000-7feaec0d4000 r--s 000a1000 08:01 9175247                    /home/pal_user/.gradle/caches/modules-2/files-2.1/org.hibernate/hibernate-validator/5.3.5.Final/622a9bcef2eed6d41b5b8e0662c36212009e375/hibernate-validator-5.3.5.Final.jar
7feaec0d4000-7feaec0d5000 r--s 00000000 08:01 9175246                    /home/pal_user/.gradle/caches/modules-2/files-2.1/org.springframework.boot/spring-boot-starter-tomcat/1.5.4.RELEASE/d7e26f1d0e594bd1aab7da227649fc12c1958416/spring-boot-starter-tomcat-1.5.4.RELEASE.jar
7feaec0d5000-7feaec0d6000 r--s 00000000 08:01 9175245                    /home/pal_user/.gradle/caches/modules-2/files-2.1/org.springframework.boot/spring-boot-starter/1.5.4.RELEASE/74d5aa641503ddd12833c82cc19b295f9f40e8fa/spring-boot-starter-1.5.4.RELEASE.jar
7feaec0d6000-7feaec0e9000 r--s 00346000 08:01 1838700                    /usr/lib/jvm/java-8-openjdk-amd64/jre/lib/resources.jar
7feaec0e9000-7feaec0ee000 r--s 0009d000 08:01 1838695                    /usr/lib/jvm/java-8-openjdk-amd64/jre/lib/jsse.jar
7feaec0ee000-7feaec2f0000 rw-p 00000000 00:00 0 
7feaec2f0000-7feaec4bf000 r--s 03c32000 08:01 1838701                    /usr/lib/jvm/java-8-openjdk-amd64/jre/lib/rt.jar
7feaec4bf000-7feaeccfd000 rw-p 00000000 00:00 0 
7feaeccfd000-7feaeccfe000 ---p 00000000 00:00 0 
7feaeccfe000-7feaecdfe000 rw-p 00000000 00:00 0 
7feaecdfe000-7feaecdff000 ---p 00000000 00:00 0 
7feaecdff000-7feaeceff000 rw-p 00000000 00:00 0 
7feaeceff000-7feaecf00000 ---p 00000000 00:00 0 
7feaecf00000-7feaed000000 rw-p 00000000 00:00 0 
7feaed000000-7feaed270000 rwxp 00000000 00:00 0 
7feaed270000-7feafc000000 ---p 00000000 00:00 0 
7feafc000000-7feafc65b000 rw-p 00000000 00:00 0 
7feafc65b000-7feb00000000 ---p 00000000 00:00 0 
7feb00000000-7feb00001000 r--s 00000000 08:01 9175352                    /home/pal_user/.gradle/caches/modules-2/files-2.1/org.springframework.boot/spring-boot-starter-test/1.5.4.RELEASE/a764033c4be6e73310a6b12604a37c20d3bd0176/spring-boot-starter-test-1.5.4.RELEASE.jar
7feb00001000-7feb00002000 r--s 00000000 08:01 9175244                    /home/pal_user/.gradle/caches/modules-2/files-2.1/org.springframework.boot/spring-boot-starter-web/1.5.4.RELEASE/5d6c554f34b20dffcbdfc7edf9b80956e2dace/spring-boot-starter-web-1.5.4.RELEASE.jar
7feb00002000-7feb00004000 r--s 00016000 08:01 1838693                    /usr/lib/jvm/java-8-openjdk-amd64/jre/lib/jce.jar
7feb00004000-7feb00009000 r--s 002f9000 08:01 1838688                    /usr/lib/jvm/java-8-openjdk-amd64/jre/lib/charsets.jar
7feb00009000-7feb0000b000 r--s 00008000 08:01 12714040                   /home/pal_user/dev/idea/plugins/junit/lib/junit5-rt.jar
7feb0000b000-7feb0000d000 r--s 00020000 08:01 12714039                   /home/pal_user/dev/idea/plugins/junit/lib/junit-rt.jar
7feb0000d000-7feb0000f000 r--s 0001a000 08:01 11670383                   /home/pal_user/dev/idea/lib/idea_rt.jar
7feb0000f000-7feb00011000 r--s 00008000 08:01 1969618                    /usr/lib/jvm/java-8-openjdk-amd64/jre/lib/ext/sunec.jar
7feb00011000-7feb00014000 r--s 00038000 08:01 1969620                    /usr/lib/jvm/java-8-openjdk-amd64/jre/lib/ext/sunpkcs11.jar
7feb00014000-7feb0001e000 r--s 00116000 08:01 1967949                    /usr/lib/jvm/java-8-openjdk-amd64/jre/lib/ext/localedata.jar
7feb0001e000-7feb0006c000 rw-p 00000000 00:00 0 
7feb0006c000-7feb0006d000 ---p 00000000 00:00 0 
7feb0006d000-7feb001c1000 rw-p 00000000 00:00 0 
7feb001c1000-7feb0069d000 ---p 00000000 00:00 0 
7feb0069d000-7feb006f1000 rw-p 00000000 00:00 0 
7feb006f1000-7feb00bcd000 ---p 00000000 00:00 0 
7feb00bcd000-7feb00bf7000 rw-p 00000000 00:00 0 
7feb00bf7000-7feb00e65000 ---p 00000000 00:00 0 
7feb00e65000-7feb00e70000 rw-p 00000000 00:00 0 
7feb00e70000-7feb01226000 ---p 00000000 00:00 0 
7feb01226000-7feb0122e000 r-xp 00000000 08:01 1838687                    /usr/lib/jvm/java-8-openjdk-amd64/jre/lib/amd64/libzip.so
7feb0122e000-7feb0142d000 ---p 00008000 08:01 1838687                    /usr/lib/jvm/java-8-openjdk-amd64/jre/lib/amd64/libzip.so
7feb0142d000-7feb0142e000 r--p 00007000 08:01 1838687                    /usr/lib/jvm/java-8-openjdk-amd64/jre/lib/amd64/libzip.so
7feb0142e000-7feb0142f000 rw-p 00008000 08:01 1838687                    /usr/lib/jvm/java-8-openjdk-amd64/jre/lib/amd64/libzip.so
7feb0142f000-7feb0143a000 r-xp 00000000 08:01 13370800                   /lib/x86_64-linux-gnu/libnss_files-2.27.so
7feb0143a000-7feb01639000 ---p 0000b000 08:01 13370800                   /lib/x86_64-linux-gnu/libnss_files-2.27.so
7feb01639000-7feb0163a000 r--p 0000a000 08:01 13370800                   /lib/x86_64-linux-gnu/libnss_files-2.27.so
7feb0163a000-7feb0163b000 rw-p 0000b000 08:01 13370800                   /lib/x86_64-linux-gnu/libnss_files-2.27.so
7feb0163b000-7feb01641000 rw-p 00000000 00:00 0 
7feb01641000-7feb01658000 r-xp 00000000 08:01 13370797                   /lib/x86_64-linux-gnu/libnsl-2.27.so
7feb01658000-7feb01857000 ---p 00017000 08:01 13370797                   /lib/x86_64-linux-gnu/libnsl-2.27.so
7feb01857000-7feb01858000 r--p 00016000 08:01 13370797                   /lib/x86_64-linux-gnu/libnsl-2.27.so
7feb01858000-7feb01859000 rw-p 00017000 08:01 13370797                   /lib/x86_64-linux-gnu/libnsl-2.27.so
7feb01859000-7feb0185b000 rw-p 00000000 00:00 0 
7feb0185b000-7feb01866000 r-xp 00000000 08:01 13370802                   /lib/x86_64-linux-gnu/libnss_nis-2.27.so
7feb01866000-7feb01a65000 ---p 0000b000 08:01 13370802                   /lib/x86_64-linux-gnu/libnss_nis-2.27.so
7feb01a65000-7feb01a66000 r--p 0000a000 08:01 13370802                   /lib/x86_64-linux-gnu/libnss_nis-2.27.so
7feb01a66000-7feb01a67000 rw-p 0000b000 08:01 13370802                   /lib/x86_64-linux-gnu/libnss_nis-2.27.so
7feb01a67000-7feb01a6f000 r-xp 00000000 08:01 13370798                   /lib/x86_64-linux-gnu/libnss_compat-2.27.so
7feb01a6f000-7feb01c6f000 ---p 00008000 08:01 13370798                   /lib/x86_64-linux-gnu/libnss_compat-2.27.so
7feb01c6f000-7feb01c70000 r--p 00008000 08:01 13370798                   /lib/x86_64-linux-gnu/libnss_compat-2.27.so
7feb01c70000-7feb01c71000 rw-p 00009000 08:01 13370798                   /lib/x86_64-linux-gnu/libnss_compat-2.27.so
7feb01c71000-7feb01c7b000 r-xp 00000000 08:01 1838663                    /usr/lib/jvm/java-8-openjdk-amd64/jre/lib/amd64/libinstrument.so
7feb01c7b000-7feb01e7a000 ---p 0000a000 08:01 1838663                    /usr/lib/jvm/java-8-openjdk-amd64/jre/lib/amd64/libinstrument.so
7feb01e7a000-7feb01e7b000 r--p 00009000 08:01 1838663                    /usr/lib/jvm/java-8-openjdk-amd64/jre/lib/amd64/libinstrument.so
7feb01e7b000-7feb01e7c000 rw-p 0000a000 08:01 1838663                    /usr/lib/jvm/java-8-openjdk-amd64/jre/lib/amd64/libinstrument.so
7feb01e7c000-7feb0215a000 r--p 00000000 08:01 1573084                    /usr/lib/locale/locale-archive
7feb0215a000-7feb0215c000 r-xp 00000000 08:01 1838681                    /usr/lib/jvm/java-8-openjdk-amd64/jre/lib/amd64/libnpt.so
7feb0215c000-7feb0235c000 ---p 00002000 08:01 1838681                    /usr/lib/jvm/java-8-openjdk-amd64/jre/lib/amd64/libnpt.so
7feb0235c000-7feb0235d000 r--p 00002000 08:01 1838681                    /usr/lib/jvm/java-8-openjdk-amd64/jre/lib/amd64/libnpt.so
7feb0235d000-7feb0235e000 rw-p 00003000 08:01 1838681                    /usr/lib/jvm/java-8-openjdk-amd64/jre/lib/amd64/libnpt.so
7feb0235e000-7feb02399000 r-xp 00000000 08:01 1838673                    /usr/lib/jvm/java-8-openjdk-amd64/jre/lib/amd64/libjdwp.so
7feb02399000-7feb02598000 ---p 0003b000 08:01 1838673                    /usr/lib/jvm/java-8-openjdk-amd64/jre/lib/amd64/libjdwp.so
7feb02598000-7feb02599000 r--p 0003a000 08:01 1838673                    /usr/lib/jvm/java-8-openjdk-amd64/jre/lib/amd64/libjdwp.so
7feb02599000-7feb0259a000 rw-p 0003b000 08:01 1838673                    /usr/lib/jvm/java-8-openjdk-amd64/jre/lib/amd64/libjdwp.so
7feb0259a000-7feb025c8000 r-xp 00000000 08:01 1838668                    /usr/lib/jvm/java-8-openjdk-amd64/jre/lib/amd64/libjava.so
7feb025c8000-7feb027c7000 ---p 0002e000 08:01 1838668                    /usr/lib/jvm/java-8-openjdk-amd64/jre/lib/amd64/libjava.so
7feb027c7000-7feb027c8000 r--p 0002d000 08:01 1838668                    /usr/lib/jvm/java-8-openjdk-amd64/jre/lib/amd64/libjava.so
7feb027c8000-7feb027ca000 rw-p 0002e000 08:01 1838668                    /usr/lib/jvm/java-8-openjdk-amd64/jre/lib/amd64/libjava.so
7feb027ca000-7feb027da000 r-xp 00000000 08:01 1838686                    /usr/lib/jvm/java-8-openjdk-amd64/jre/lib/amd64/libverify.so
7feb027da000-7feb029d9000 ---p 00010000 08:01 1838686                    /usr/lib/jvm/java-8-openjdk-amd64/jre/lib/amd64/libverify.so
7feb029d9000-7feb029db000 r--p 0000f000 08:01 1838686                    /usr/lib/jvm/java-8-openjdk-amd64/jre/lib/amd64/libverify.so
7feb029db000-7feb029dc000 rw-p 00011000 08:01 1838686                    /usr/lib/jvm/java-8-openjdk-amd64/jre/lib/amd64/libverify.so
7feb029dc000-7feb029e3000 r-xp 00000000 08:01 13370807                   /lib/x86_64-linux-gnu/librt-2.27.so
7feb029e3000-7feb02be2000 ---p 00007000 08:01 13370807                   /lib/x86_64-linux-gnu/librt-2.27.so
7feb02be2000-7feb02be3000 r--p 00006000 08:01 13370807                   /lib/x86_64-linux-gnu/librt-2.27.so
7feb02be3000-7feb02be4000 rw-p 00007000 08:01 13370807                   /lib/x86_64-linux-gnu/librt-2.27.so
7feb02be4000-7feb02bfb000 r-xp 00000000 08:01 13370839                   /lib/x86_64-linux-gnu/libgcc_s.so.1
7feb02bfb000-7feb02dfa000 ---p 00017000 08:01 13370839                   /lib/x86_64-linux-gnu/libgcc_s.so.1
7feb02dfa000-7feb02dfb000 r--p 00016000 08:01 13370839                   /lib/x86_64-linux-gnu/libgcc_s.so.1
7feb02dfb000-7feb02dfc000 rw-p 00017000 08:01 13370839                   /lib/x86_64-linux-gnu/libgcc_s.so.1
7feb02dfc000-7feb02f99000 r-xp 00000000 08:01 13370794                   /lib/x86_64-linux-gnu/libm-2.27.so
7feb02f99000-7feb03198000 ---p 0019d000 08:01 13370794                   /lib/x86_64-linux-gnu/libm-2.27.so
7feb03198000-7feb03199000 r--p 0019c000 08:01 13370794                   /lib/x86_64-linux-gnu/libm-2.27.so
7feb03199000-7feb0319a000 rw-p 0019d000 08:01 13370794                   /lib/x86_64-linux-gnu/libm-2.27.so
7feb0319a000-7feb03313000 r-xp 00000000 08:01 1575227                    /usr/lib/x86_64-linux-gnu/libstdc++.so.6.0.25
7feb03313000-7feb03513000 ---p 00179000 08:01 1575227                    /usr/lib/x86_64-linux-gnu/libstdc++.so.6.0.25
7feb03513000-7feb0351d000 r--p 00179000 08:01 1575227                    /usr/lib/x86_64-linux-gnu/libstdc++.so.6.0.25
7feb0351d000-7feb0351f000 rw-p 00183000 08:01 1575227                    /usr/lib/x86_64-linux-gnu/libstdc++.so.6.0.25
7feb0351f000-7feb03523000 rw-p 00000000 00:00 0 
7feb03523000-7feb041b8000 r-xp 00000000 08:01 1966307                    /usr/lib/jvm/java-8-openjdk-amd64/jre/lib/amd64/server/libjvm.so
7feb041b8000-7feb043b7000 ---p 00c95000 08:01 1966307                    /usr/lib/jvm/java-8-openjdk-amd64/jre/lib/amd64/server/libjvm.so
7feb043b7000-7feb0444b000 r--p 00c94000 08:01 1966307                    /usr/lib/jvm/java-8-openjdk-amd64/jre/lib/amd64/server/libjvm.so
7feb0444b000-7feb04473000 rw-p 00d28000 08:01 1966307                    /usr/lib/jvm/java-8-openjdk-amd64/jre/lib/amd64/server/libjvm.so
7feb04473000-7feb044a4000 rw-p 00000000 00:00 0 
7feb044a4000-7feb044be000 r-xp 00000000 08:01 13370805                   /lib/x86_64-linux-gnu/libpthread-2.27.so
7feb044be000-7feb046bd000 ---p 0001a000 08:01 13370805                   /lib/x86_64-linux-gnu/libpthread-2.27.so
7feb046bd000-7feb046be000 r--p 00019000 08:01 13370805                   /lib/x86_64-linux-gnu/libpthread-2.27.so
7feb046be000-7feb046bf000 rw-p 0001a000 08:01 13370805                   /lib/x86_64-linux-gnu/libpthread-2.27.so
7feb046bf000-7feb046c3000 rw-p 00000000 00:00 0 
7feb046c3000-7feb046c6000 r-xp 00000000 08:01 13370793                   /lib/x86_64-linux-gnu/libdl-2.27.so
7feb046c6000-7feb048c5000 ---p 00003000 08:01 13370793                   /lib/x86_64-linux-gnu/libdl-2.27.so
7feb048c5000-7feb048c6000 r--p 00002000 08:01 13370793                   /lib/x86_64-linux-gnu/libdl-2.27.so
7feb048c6000-7feb048c7000 rw-p 00003000 08:01 13370793                   /lib/x86_64-linux-gnu/libdl-2.27.so
7feb048c7000-7feb048e3000 r-xp 00000000 08:01 13374062                   /lib/x86_64-linux-gnu/libz.so.1.2.11
7feb048e3000-7feb04ae2000 ---p 0001c000 08:01 13374062                   /lib/x86_64-linux-gnu/libz.so.1.2.11
7feb04ae2000-7feb04ae3000 r--p 0001b000 08:01 13374062                   /lib/x86_64-linux-gnu/libz.so.1.2.11
7feb04ae3000-7feb04ae4000 rw-p 0001c000 08:01 13374062                   /lib/x86_64-linux-gnu/libz.so.1.2.11
7feb04ae4000-7feb04ccb000 r-xp 00000000 08:01 13370790                   /lib/x86_64-linux-gnu/libc-2.27.so
7feb04ccb000-7feb04ecb000 ---p 001e7000 08:01 13370790                   /lib/x86_64-linux-gnu/libc-2.27.so
7feb04ecb000-7feb04ecf000 r--p 001e7000 08:01 13370790                   /lib/x86_64-linux-gnu/libc-2.27.so
7feb04ecf000-7feb04ed1000 rw-p 001eb000 08:01 13370790                   /lib/x86_64-linux-gnu/libc-2.27.so
7feb04ed1000-7feb04ed5000 rw-p 00000000 00:00 0 
7feb04ed5000-7feb04ee3000 r-xp 00000000 08:01 1838650                    /usr/lib/jvm/java-8-openjdk-amd64/jre/lib/amd64/jli/libjli.so
7feb04ee3000-7feb050e2000 ---p 0000e000 08:01 1838650                    /usr/lib/jvm/java-8-openjdk-amd64/jre/lib/amd64/jli/libjli.so
7feb050e2000-7feb050e3000 r--p 0000d000 08:01 1838650                    /usr/lib/jvm/java-8-openjdk-amd64/jre/lib/amd64/jli/libjli.so
7feb050e3000-7feb050e4000 rw-p 0000e000 08:01 1838650                    /usr/lib/jvm/java-8-openjdk-amd64/jre/lib/amd64/jli/libjli.so
7feb050e4000-7feb0510b000 r-xp 00000000 08:01 13370786                   /lib/x86_64-linux-gnu/ld-2.27.so
7feb0510b000-7feb0510c000 r--s 00000000 08:01 1838697                    /usr/lib/jvm/java-8-openjdk-amd64/jre/lib/management-agent.jar
7feb0510c000-7feb05112000 r--s 0003b000 08:01 1969619                    /usr/lib/jvm/java-8-openjdk-amd64/jre/lib/ext/sunjce_provider.jar
7feb05112000-7feb0512d000 r--s 001d6000 08:01 1969554                    /usr/lib/jvm/java-8-openjdk-amd64/jre/lib/ext/nashorn.jar
7feb0512d000-7feb05148000 r--s 00394000 08:01 1967904                    /usr/lib/jvm/java-8-openjdk-amd64/jre/lib/ext/cldrdata.jar
7feb05148000-7feb051f1000 rw-p 00000000 00:00 0 
7feb051f1000-7feb051f2000 ---p 00000000 00:00 0 
7feb051f2000-7feb051f5000 ---p 00000000 00:00 0 
7feb051f5000-7feb052f4000 rw-p 00000000 00:00 0 
7feb052f4000-7feb052f5000 r--s 00010000 08:01 1969621                    /usr/lib/jvm/java-8-openjdk-amd64/jre/lib/ext/zipfs.jar
7feb052f5000-7feb052f7000 r--s 00001000 08:01 1967916                    /usr/lib/jvm/java-8-openjdk-amd64/jre/lib/ext/dnsns.jar
7feb052f7000-7feb052f9000 r--s 00007000 08:01 1966304                    /usr/share/java/java-atk-wrapper.jar
7feb052f9000-7feb052fc000 r--s 0000f000 08:01 1967917                    /usr/lib/jvm/java-8-openjdk-amd64/jre/lib/ext/icedtea-sound.jar
7feb052fc000-7feb052fd000 r--s 0000a000 08:01 1967918                    /usr/lib/jvm/java-8-openjdk-amd64/jre/lib/ext/jaccess.jar
7feb052fd000-7feb052ff000 r--s 00001000 08:01 11670472                   /home/pal_user/dev/idea/lib/rt/debugger-agent-storage.jar
7feb052ff000-7feb05307000 rw-s 00000000 08:01 9175107                    /tmp/hsperfdata_pal_user/18804
7feb05307000-7feb05308000 rw-p 00000000 00:00 0 
7feb05308000-7feb05309000 ---p 00000000 00:00 0 
7feb05309000-7feb0530b000 rw-p 00000000 00:00 0 
7feb0530b000-7feb0530c000 r--p 00027000 08:01 13370786                   /lib/x86_64-linux-gnu/ld-2.27.so
7feb0530c000-7feb0530d000 rw-p 00028000 08:01 13370786                   /lib/x86_64-linux-gnu/ld-2.27.so
7feb0530d000-7feb0530e000 rw-p 00000000 00:00 0 
7ffc37366000-7ffc37389000 rw-p 00000000 00:00 0                          [stack]
7ffc3739d000-7ffc373a0000 r--p 00000000 00:00 0                          [vvar]
7ffc373a0000-7ffc373a2000 r-xp 00000000 00:00 0                          [vdso]
ffffffffff600000-ffffffffff601000 r-xp 00000000 00:00 0                  [vsyscall]

VM Arguments:
jvm_args: -agentlib:jdwp=transport=dt_socket,address=127.0.0.1:41249,suspend=y,server=n -ea -Didea.test.cyclic.buffer.size=1048576 -javaagent:/home/pal_user/dev/idea/plugins/Groovy/lib/agent/gragent.jar -javaagent:/home/pal_user/dev/idea/lib/rt/debugger-agent.jar=file:/tmp/capture.props -Dfile.encoding=UTF-8 
java_command: com.intellij.rt.execution.junit.JUnitStarter -ideVersion5 -junit4 test.pivotal.pal.tracker.InMemoryTimeEntryRepositoryTest,list
java_class_path (initial): /home/pal_user/dev/idea/lib/idea_rt.jar:/home/pal_user/dev/idea/plugins/junit/lib/junit-rt.jar:/home/pal_user/dev/idea/plugins/junit/lib/junit5-rt.jar:/usr/lib/jvm/java-8-openjdk-amd64/jre/lib/charsets.jar:/usr/lib/jvm/java-8-openjdk-amd64/jre/lib/ext/cldrdata.jar:/usr/lib/jvm/java-8-openjdk-amd64/jre/lib/ext/dnsns.jar:/usr/lib/jvm/java-8-openjdk-amd64/jre/lib/ext/icedtea-sound.jar:/usr/lib/jvm/java-8-openjdk-amd64/jre/lib/ext/jaccess.jar:/usr/lib/jvm/java-8-openjdk-amd64/jre/lib/ext/java-atk-wrapper.jar:/usr/lib/jvm/java-8-openjdk-amd64/jre/lib/ext/localedata.jar:/usr/lib/jvm/java-8-openjdk-amd64/jre/lib/ext/nashorn.jar:/usr/lib/jvm/java-8-openjdk-amd64/jre/lib/ext/sunec.jar:/usr/lib/jvm/java-8-openjdk-amd64/jre/lib/ext/sunjce_provider.jar:/usr/lib/jvm/java-8-openjdk-amd64/jre/lib/ext/sunpkcs11.jar:/usr/lib/jvm/java-8-openjdk-amd64/jre/lib/ext/zipfs.jar:/usr/lib/jvm/java-8-openjdk-amd64/jre/lib/jce.jar:/usr/lib/jvm/java-8-openjdk-amd64/jre/lib/jsse.jar:/usr/lib/jvm/java-8-openjdk-amd64/jre/lib/management-agent.jar:/usr/lib/jvm/java-8-openjdk-amd64/jre/lib/resources.jar:/usr/lib/jvm/java-8-openjdk-amd64/jre/lib/rt.jar:/home/pal_user/workspace/pal-tracker/out/test/classes:/home/pal_user/workspace/pal-tracker/out/production/classes:/home/pal_user/.gradle/caches/modules-2/files-2.1/org.springframework.boot/spring-boot-starter-web/1.5.4.RELEASE/5d6c554f34b20dffcbdfc7edf9b80956e2dace/spring-boot-starter-web-1.5.4.RELEASE.jar:/home/pal_user/.gradle/caches/modules-2/files-2.1/org.springframework.boot/spring-boot-starter-test/1.5.4.RELEASE/a764033c4be6e73310a6b12604a37c20d3bd0176/spring-boot-starter-test-1.5.4.RELEASE.jar:/home/pal_user/.gradle/caches/modules-2/files-2.1/org.springframework.boot/spring-boot-starter/1.5.4.RELEASE/74d5aa641503ddd12833c82cc19b295f9f40e8fa/spring-boot-starter-1.5.4.RELEASE.jar:/home/pal_user/.gradle/caches/modules-2/files-2.1/org.springframework.boot/spring-boot-starter-tomcat/1.5.4.RELEASE/d7e26f1d0e594bd1aab7da227
Launcher Type: SUN_STANDARD

Environment Variables:
PATH=/usr/local/sbin:/usr/local/bin:/usr/sbin:/usr/bin:/sbin:/bin:/usr/games:/usr/local/games:/snap/bin
USERNAME=pal_user
SHELL=/bin/bash
DISPLAY=:0

Signal Handlers:
SIGSEGV: [libjvm.so+0xaaf3a0], sa_mask[0]=11111111011111111101111111111110, sa_flags=SA_RESTART|SA_SIGINFO
SIGBUS: [libjvm.so+0xaaf3a0], sa_mask[0]=11111111011111111101111111111110, sa_flags=SA_RESTART|SA_SIGINFO
SIGFPE: [libjvm.so+0x8e52e0], sa_mask[0]=11111111011111111101111111111110, sa_flags=SA_RESTART|SA_SIGINFO
SIGPIPE: [libjvm.so+0x8e52e0], sa_mask[0]=11111111011111111101111111111110, sa_flags=SA_RESTART|SA_SIGINFO
SIGXFSZ: [libjvm.so+0x8e52e0], sa_mask[0]=11111111011111111101111111111110, sa_flags=SA_RESTART|SA_SIGINFO
SIGILL: [libjvm.so+0x8e52e0], sa_mask[0]=11111111011111111101111111111110, sa_flags=SA_RESTART|SA_SIGINFO
SIGUSR1: SIG_DFL, sa_mask[0]=00000000000000000000000000000000, sa_flags=none
SIGUSR2: [libjvm.so+0x8e5190], sa_mask[0]=00100000000000000000000000000000, sa_flags=SA_RESTART|SA_SIGINFO
SIGHUP: [libjvm.so+0x8e5640], sa_mask[0]=11111111011111111101111111111110, sa_flags=SA_RESTART|SA_SIGINFO
SIGINT: [libjvm.so+0x8e5640], sa_mask[0]=11111111011111111101111111111110, sa_flags=SA_RESTART|SA_SIGINFO
SIGTERM: [libjvm.so+0x8e5640], sa_mask[0]=11111111011111111101111111111110, sa_flags=SA_RESTART|SA_SIGINFO
SIGQUIT: [libjvm.so+0x8e5640], sa_mask[0]=11111111011111111101111111111110, sa_flags=SA_RESTART|SA_SIGINFO


---------------  S Y S T E M  ---------------

OS:DISTRIB_ID=Ubuntu
DISTRIB_RELEASE=18.04
DISTRIB_CODENAME=bionic
DISTRIB_DESCRIPTION="Ubuntu 18.04.1 LTS"

uname:Linux 4.15.0-36-generic #39-Ubuntu SMP Mon Sep 24 16:19:09 UTC 2018 x86_64
libc:glibc 2.27 NPTL 2.27 
rlimit: STACK 8192k, CORE 0k, NPROC 63490, NOFILE 1048576, AS infinity
load average:1.48 0.95 0.73

/proc/meminfo:
MemTotal:       16313980 kB
MemFree:         9787124 kB
MemAvailable:   11295472 kB
Buffers:          173144 kB
Cached:          1922628 kB
SwapCached:            0 kB
Active:          4987896 kB
Inactive:        1228512 kB
Active(anon):    4121644 kB
Inactive(anon):   391552 kB
Active(file):     866252 kB
Inactive(file):   836960 kB
Unevictable:          32 kB
Mlocked:              32 kB
SwapTotal:       2097148 kB
SwapFree:        2097148 kB
Dirty:              1720 kB
Writeback:             0 kB
AnonPages:       4120704 kB
Mapped:           553424 kB
Shmem:            392564 kB
Slab:             176872 kB
SReclaimable:     125820 kB
SUnreclaim:        51052 kB
KernelStack:       14080 kB
PageTables:        48080 kB
NFS_Unstable:          0 kB
Bounce:                0 kB
WritebackTmp:          0 kB
CommitLimit:    10254136 kB
Committed_AS:   10931536 kB
VmallocTotal:   34359738367 kB
VmallocUsed:           0 kB
VmallocChunk:          0 kB
HardwareCorrupted:     0 kB
AnonHugePages:         0 kB
ShmemHugePages:        0 kB
ShmemPmdMapped:        0 kB
CmaTotal:              0 kB
CmaFree:               0 kB
HugePages_Total:       0
HugePages_Free:        0
HugePages_Rsvd:        0
HugePages_Surp:        0
Hugepagesize:       2048 kB
DirectMap4k:      145968 kB
DirectMap2M:     7081984 kB
DirectMap1G:     9437184 kB


CPU:total 4 (initial active 4) (2 cores per cpu, 2 threads per core) family 6 model 142 stepping 9, cmov, cx8, fxsr, mmx, sse, sse2, sse3, ssse3, sse4.1, sse4.2, popcnt, avx, avx2, aes, clmul, erms, 3dnowpref, lzcnt, ht, tsc, tscinvbit, bmi1, bmi2, adx

/proc/cpuinfo:
processor	: 0
vendor_id	: GenuineIntel
cpu family	: 6
model		: 142
model name	: Intel(R) Core(TM) i5-7260U CPU @ 2.20GHz
stepping	: 9
microcode	: 0x8e
cpu MHz		: 3066.522
cache size	: 4096 KB
physical id	: 0
siblings	: 4
core id		: 0
cpu cores	: 2
apicid		: 0
initial apicid	: 0
fpu		: yes
fpu_exception	: yes
cpuid level	: 22
wp		: yes
flags		: fpu vme de pse tsc msr pae mce cx8 apic sep mtrr pge mca cmov pat pse36 clflush dts acpi mmx fxsr sse sse2 ss ht tm pbe syscall nx pdpe1gb rdtscp lm constant_tsc art arch_perfmon pebs bts rep_good nopl xtopology nonstop_tsc cpuid aperfmperf tsc_known_freq pni pclmulqdq dtes64 monitor ds_cpl vmx est tm2 ssse3 sdbg fma cx16 xtpr pdcm pcid sse4_1 sse4_2 x2apic movbe popcnt tsc_deadline_timer aes xsave avx f16c rdrand lahf_lm abm 3dnowprefetch cpuid_fault epb invpcid_single pti ssbd ibrs ibpb stibp tpr_shadow vnmi flexpriority ept vpid fsgsbase tsc_adjust bmi1 avx2 smep bmi2 erms invpcid mpx rdseed adx smap clflushopt intel_pt xsaveopt xsavec xgetbv1 xsaves dtherm ida arat pln pts hwp hwp_notify hwp_act_window hwp_epp flush_l1d
bugs		: cpu_meltdown spectre_v1 spectre_v2 spec_store_bypass l1tf
bogomips	: 4416.00
clflush size	: 64
cache_alignment	: 64
address sizes	: 39 bits physical, 48 bits virtual
power management:

processor	: 1
vendor_id	: GenuineIntel
cpu family	: 6
model		: 142
model name	: Intel(R) Core(TM) i5-7260U CPU @ 2.20GHz
stepping	: 9
microcode	: 0x8e
cpu MHz		: 3031.840
cache size	: 4096 KB
physical id	: 0
siblings	: 4
core id		: 1
cpu cores	: 2
apicid		: 2
initial apicid	: 2
fpu		: yes
fpu_exception	: yes
cpuid level	: 22
wp		: yes
flags		: fpu vme de pse tsc msr pae mce cx8 apic sep mtrr pge mca cmov pat pse36 clflush dts acpi mmx fxsr sse sse2 ss ht tm pbe syscall nx pdpe1gb rdtscp lm constant_tsc art arch_perfmon pebs bts rep_good nopl xtopology nonstop_tsc cpuid aperfmperf tsc_known_freq pni pclmulqdq dtes64 monitor ds_cpl vmx est tm2 ssse3 sdbg fma cx16 xtpr pdcm pcid sse4_1 sse4_2 x2apic movbe popcnt tsc_deadline_timer aes xsave avx f16c rdrand lahf_lm abm 3dnowprefetch cpuid_fault epb invpcid_single pti ssbd ibrs ibpb stibp tpr_shadow vnmi flexpriority ept vpid fsgsbase tsc_adjust bmi1 avx2 smep bmi2 erms invpcid mpx rdseed adx smap clflushopt intel_pt xsaveopt xsavec xgetbv1 xsaves dtherm ida arat pln pts hwp hwp_notify hwp_act_window hwp_epp flush_l1d
bugs		: cpu_meltdown spectre_v1 spectre_v2 spec_store_bypass l1tf
bogomips	: 4416.00
clflush size	: 64
cache_alignment	: 64
address sizes	: 39 bits physical, 48 bits virtual
power management:

processor	: 2
vendor_id	: GenuineIntel
cpu family	: 6
model		: 142
model name	: Intel(R) Core(TM) i5-7260U CPU @ 2.20GHz
stepping	: 9
microcode	: 0x8e
cpu MHz		: 2991.839
cache size	: 4096 KB
physical id	: 0
siblings	: 4
core id		: 0
cpu cores	: 2
apicid		: 1
initial apicid	: 1
fpu		: yes
fpu_exception	: yes
cpuid level	: 22
wp		: yes
flags		: fpu vme de pse tsc msr pae mce cx8 apic sep mtrr pge mca cmov pat pse36 clflush dts acpi mmx fxsr sse sse2 ss ht tm pbe syscall nx pdpe1gb rdtscp lm constant_tsc art arch_perfmon pebs bts rep_good nopl xtopology nonstop_tsc cpuid aperfmperf tsc_known_freq pni pclmulqdq dtes64 monitor ds_cpl vmx est tm2 ssse3 sdbg fma cx16 xtpr pdcm pcid sse4_1 sse4_2 x2apic movbe popcnt tsc_deadline_timer aes xsave avx f16c rdrand lahf_lm abm 3dnowprefetch cpuid_fault epb invpcid_single pti ssbd ibrs ibpb stibp tpr_shadow vnmi flexpriority ept vpid fsgsbase tsc_adjust bmi1 avx2 smep bmi2 erms invpcid mpx rdseed adx smap clflushopt intel_pt xsaveopt xsavec xgetbv1 xsaves dtherm ida arat pln pts hwp hwp_notify hwp_act_window hwp_epp flush_l1d
bugs		: cpu_meltdown spectre_v1 spectre_v2 spec_store_bypass l1tf
bogomips	: 4416.00
clflush size	: 64
cache_alignment	: 64
address sizes	: 39 bits physical, 48 bits virtual
power management:

processor	: 3
vendor_id	: GenuineIntel
cpu family	: 6
model		: 142
model name	: Intel(R) Core(TM) i5-7260U CPU @ 2.20GHz
stepping	: 9
microcode	: 0x8e
cpu MHz		: 3080.461
cache size	: 4096 KB
physical id	: 0
siblings	: 4
core id		: 1
cpu cores	: 2
apicid		: 3
initial apicid	: 3
fpu		: yes
fpu_exception	: yes
cpuid level	: 22
wp		: yes
flags		: fpu vme de pse tsc msr pae mce cx8 apic sep mtrr pge mca cmov pat pse36 clflush dts acpi mmx fxsr sse sse2 ss ht tm pbe syscall nx pdpe1gb rdtscp lm constant_tsc art arch_perfmon pebs bts rep_good nopl xtopology nonstop_tsc cpuid aperfmperf tsc_known_freq pni pclmulqdq dtes64 monitor ds_cpl vmx est tm2 ssse3 sdbg fma cx16 xtpr pdcm pcid sse4_1 sse4_2 x2apic movbe popcnt tsc_deadline_timer aes xsave avx f16c rdrand lahf_lm abm 3dnowprefetch cpuid_fault epb invpcid_single pti ssbd ibrs ibpb stibp tpr_shadow vnmi flexpriority ept vpid fsgsbase tsc_adjust bmi1 avx2 smep bmi2 erms invpcid mpx rdseed adx smap clflushopt intel_pt xsaveopt xsavec xgetbv1 xsaves dtherm ida arat pln pts hwp hwp_notify hwp_act_window hwp_epp flush_l1d
bugs		: cpu_meltdown spectre_v1 spectre_v2 spec_store_bypass l1tf
bogomips	: 4416.00
clflush size	: 64
cache_alignment	: 64
address sizes	: 39 bits physical, 48 bits virtual
power management:



Memory: 4k page, physical 16313980k(9787208k free), swap 2097148k(2097148k free)

vm_info: OpenJDK 64-Bit Server VM (25.181-b13) for linux-amd64 JRE (1.8.0_181-8u181-b13-0ubuntu0.18.04.1-b13), built on Jul 23 2018 19:14:48 by "buildd" with gcc 7.3.0

time: Tue Oct  9 16:53:16 2018
elapsed time: 251 seconds (0d 0h 4m 11s)

